-- Found ament_cmake: 1.1.6 (/opt/ros/galactic/share/ament_cmake/cmake)
-- Using PYTHON_EXECUTABLE: /usr/bin/python3
-- Found rclcpp: 9.2.2 (/opt/ros/galactic/share/rclcpp/cmake)
-- Using all available rosidl_typesupport_c: rosidl_typesupport_fastrtps_c;rosidl_typesupport_introspection_c
-- Found rosidl_adapter: 2.2.3 (/opt/ros/galactic/share/rosidl_adapter/cmake)
-- Using all available rosidl_typesupport_cpp: rosidl_typesupport_fastrtps_cpp;rosidl_typesupport_introspection_cpp
-- Found rmw_implementation_cmake: 3.3.1 (/opt/ros/galactic/share/rmw_implementation_cmake/cmake)
-- Found rmw_cyclonedds_cpp: 0.22.6 (/opt/ros/galactic/share/rmw_cyclonedds_cpp/cmake)
-- Using RMW implementation 'rmw_cyclonedds_cpp' as default
-- Found mage_msgs: 0.0.0 (/home/keyur/empm809y_cpp/Cpp_projects/RWA3-Group17/rwa3_ws/install/mage_msgs/share/mage_msgs/cmake)
-- Found tf2_ros: 0.17.5 (/opt/ros/galactic/share/tf2_ros/cmake)
-- Found tf2_geometry_msgs: 0.17.5 (/opt/ros/galactic/share/tf2_geometry_msgs/cmake)
-- Found eigen3_cmake_module: 0.1.1 (/opt/ros/galactic/share/eigen3_cmake_module/cmake)
-- Found ament_lint_auto: 0.10.7 (/opt/ros/galactic/share/ament_lint_auto/cmake)
-- Added test 'copyright' to check source files copyright and LICENSE
-- Added test 'cppcheck' to perform static code analysis on C / C++ code
-- Configured cppcheck include dirs: 
-- Configured cppcheck exclude dirs and/or files: 
-- Added test 'cpplint' to check C / C++ code against the Google style
-- Configured cpplint exclude dirs and/or files: 
-- Added test 'lint_cmake' to check CMake code style
-- Added test 'uncrustify' to check C / C++ code style
-- Configured uncrustify additional arguments: 
-- Added test 'xmllint' to check XML markup files
-- Configuring done
-- Generating done
-- Build files have been written to: /home/keyur/empm809y_cpp/Cpp_projects/RWA3-Group17/rwa3_ws/build/group17
[35m[1mScanning dependencies of target listener_demo[0m
[35m[1mScanning dependencies of target broadcaster_demo[0m
[ 66%] [32mBuilding CXX object CMakeFiles/listener_demo.dir/src/utils.cpp.o[0m
[ 66%] [32mBuilding CXX object CMakeFiles/broadcaster_demo.dir/src/utils.cpp.o[0m
[ 66%] [32mBuilding CXX object CMakeFiles/broadcaster_demo.dir/src/broadcaster_demo.cpp.o[0m
[ 66%] [32mBuilding CXX object CMakeFiles/listener_demo.dir/src/listener_demo.cpp.o[0m
[01m[K/home/keyur/empm809y_cpp/Cpp_projects/RWA3-Group17/rwa3_ws/src/group17/src/utils.cpp:1:10:[m[K [01;31m[Kfatal error: [m[Kutils.hpp: No such file or directory
    1 | #include [01;31m[K<utils.hpp>[m[K
      |          [01;31m[K^~~~~~~~~~~[m[K
[01m[K/home/keyur/empm809y_cpp/Cpp_projects/RWA3-Group17/rwa3_ws/src/group17/src/broadcaster_demo.cpp:1:10:[m[K [01;31m[Kfatal error: [m[Kbroadcaster_demo.hpp: No such file or directory
    1 | #include [01;31m[K<broadcaster_demo.hpp>[m[K
      |          [01;31m[K^~~~~~~~~~~~~~~~~~~~~~[m[K
[01m[K/home/keyur/empm809y_cpp/Cpp_projects/RWA3-Group17/rwa3_ws/src/group17/src/utils.cpp:1:10:[m[K [01;31m[Kfatal error: [m[Kutils.hpp: No such file or directory
    1 | #include [01;31m[K<utils.hpp>[m[K
      |          [01;31m[K^~~~~~~~~~~[m[K
compilation terminated.
compilation terminated.
compilation terminated.
make[2]: *** [CMakeFiles/broadcaster_demo.dir/build.make:63: CMakeFiles/broadcaster_demo.dir/src/broadcaster_demo.cpp.o] Error 1
make[2]: *** Waiting for unfinished jobs....
make[2]: *** [CMakeFiles/listener_demo.dir/build.make:76: CMakeFiles/listener_demo.dir/src/utils.cpp.o] Error 1
make[2]: *** Waiting for unfinished jobs....
[01m[K/home/keyur/empm809y_cpp/Cpp_projects/RWA3-Group17/rwa3_ws/src/group17/src/listener_demo.cpp:3:10:[m[K [01;31m[Kfatal error: [m[Klistener_demo.hpp: No such file or directory
    3 | #include [01;31m[K<listener_demo.hpp>[m[K
      |          [01;31m[K^~~~~~~~~~~~~~~~~~~[m[K
compilation terminated.
make[2]: *** [CMakeFiles/broadcaster_demo.dir/build.make:76: CMakeFiles/broadcaster_demo.dir/src/utils.cpp.o] Error 1
make[1]: *** [CMakeFiles/Makefile2:134: CMakeFiles/broadcaster_demo.dir/all] Error 2
make[1]: *** Waiting for unfinished jobs....
make[2]: *** [CMakeFiles/listener_demo.dir/build.make:63: CMakeFiles/listener_demo.dir/src/listener_demo.cpp.o] Error 1
make[1]: *** [CMakeFiles/Makefile2:80: CMakeFiles/listener_demo.dir/all] Error 2
make: *** [Makefile:141: all] Error 2
