[2.692s] Invoking command in '/home/keyur/empm809y_cpp/Cpp_projects/RWA3-Group17/rwa3_ws/build/group17': AMENT_PREFIX_PATH=/home/keyur/empm809y_cpp/Cpp_projects/RWA3-Group17/rwa3_ws/install/mage_msgs:${AMENT_PREFIX_PATH} CMAKE_PREFIX_PATH=/home/keyur/empm809y_cpp/Cpp_projects/RWA3-Group17/rwa3_ws/install/mage_msgs:/home/keyur/empm809y_cpp/Cpp_projects/RWA3-Group17/rwa3_ws/install/turtlebot3_simulations:/home/keyur/empm809y_cpp/Cpp_projects/RWA3-Group17/rwa3_ws/install/turtlebot3_sensors:/home/keyur/empm809y_cpp/Cpp_projects/RWA3-Group17/rwa3_ws/install/turtlebot3_gazebo:/home/keyur/empm809y_cpp/Cpp_projects/RWA3-Group17/rwa3_ws/install/turtlebot3_fake_node:/home/keyur/empm809y_cpp/Cpp_projects/RWA3-Group17/rwa3_ws/install/group17:/home/keyur/empm809y_cpp/Cpp_projects/ROS2learn/rosprac809_ws/install/my_first_package:/home/keyur/empm809y_cpp/Cpp_projects/ROS2learn/rosprac809_ws/install/automated_vehicle:/home/keyur/empm809y_cpp/Cpp_projects/ROS2learn/rosprac809_ws/install/av_msgs:/home/keyur/ros809_ws/install/first_package:/home/keyur/ros809_ws/install/automated_vehicle:/home/keyur/empm809y_cpp/Cpp_projects/RWA3-Group17/rwa3_ws/install/ros2_aruco_interfaces:/home/keyur/empm809y_cpp/Cpp_projects/RWA3-Group17/rwa3_ws/install/ros2_aruco:/opt/ros/galactic LD_LIBRARY_PATH=/home/keyur/empm809y_cpp/Cpp_projects/RWA3-Group17/rwa3_ws/install/mage_msgs/lib:/home/keyur/empm809y_cpp/Cpp_projects/RWA3-Group17/rwa3_ws/install/turtlebot3_sensors/lib:/home/keyur/empm809y_cpp/Cpp_projects/RWA3-Group17/rwa3_ws/install/ros2_aruco_interfaces/lib:/home/keyur/empm809y_cpp/Cpp_projects/ROS2learn/rosprac809_ws/install/av_msgs/lib:/usr/lib/x86_64-linux-gnu/gazebo-11/plugins:/opt/ros/galactic/opt/yaml_cpp_vendor/lib:/opt/ros/galactic/opt/rviz_ogre_vendor/lib:/opt/ros/galactic/lib/x86_64-linux-gnu:/opt/ros/galactic/lib PYTHONPATH=/home/keyur/empm809y_cpp/Cpp_projects/RWA3-Group17/rwa3_ws/install/mage_msgs/lib/python3.8/site-packages:/home/keyur/empm809y_cpp/Cpp_projects/RWA3-Group17/rwa3_ws/install/turtlebot3_gazebo/lib/python3.8/site-packages:/home/keyur/empm809y_cpp/Cpp_projects/RWA3-Group17/rwa3_ws/install/ros2_aruco_interfaces/lib/python3.8/site-packages:/home/keyur/empm809y_cpp/Cpp_projects/RWA3-Group17/rwa3_ws/install/ros2_aruco/lib/python3.8/site-packages:/home/keyur/empm809y_cpp/Cpp_projects/ROS2learn/rosprac809_ws/install/av_msgs/lib/python3.8/site-packages:/opt/ros/galactic/lib/python3.8/site-packages /usr/bin/cmake --build /home/keyur/empm809y_cpp/Cpp_projects/RWA3-Group17/rwa3_ws/build/group17 -- -j8 -l8
[11.136s] -- Found ament_cmake: 1.1.6 (/opt/ros/galactic/share/ament_cmake/cmake)
[11.584s] -- Using PYTHON_EXECUTABLE: /usr/bin/python3
[12.379s] -- Found rclcpp: 9.2.2 (/opt/ros/galactic/share/rclcpp/cmake)
[14.179s] -- Using all available rosidl_typesupport_c: rosidl_typesupport_fastrtps_c;rosidl_typesupport_introspection_c
[14.513s] -- Found rosidl_adapter: 2.2.3 (/opt/ros/galactic/share/rosidl_adapter/cmake)
[15.517s] -- Using all available rosidl_typesupport_cpp: rosidl_typesupport_fastrtps_cpp;rosidl_typesupport_introspection_cpp
[15.766s] -- Found rmw_implementation_cmake: 3.3.1 (/opt/ros/galactic/share/rmw_implementation_cmake/cmake)
[15.982s] -- Found rmw_cyclonedds_cpp: 0.22.6 (/opt/ros/galactic/share/rmw_cyclonedds_cpp/cmake)
[16.104s] -- Using RMW implementation 'rmw_cyclonedds_cpp' as default
[17.903s] -- Found mage_msgs: 0.0.0 (/home/keyur/empm809y_cpp/Cpp_projects/RWA3-Group17/rwa3_ws/install/mage_msgs/share/mage_msgs/cmake)
[18.746s] -- Found tf2_ros: 0.17.5 (/opt/ros/galactic/share/tf2_ros/cmake)
[20.830s] -- Found tf2_geometry_msgs: 0.17.5 (/opt/ros/galactic/share/tf2_geometry_msgs/cmake)
[20.992s] -- Found eigen3_cmake_module: 0.1.1 (/opt/ros/galactic/share/eigen3_cmake_module/cmake)
[21.287s] -- Found ament_lint_auto: 0.10.7 (/opt/ros/galactic/share/ament_lint_auto/cmake)
[22.750s] -- Added test 'copyright' to check source files copyright and LICENSE
[22.768s] -- Added test 'cppcheck' to perform static code analysis on C / C++ code
[22.772s] -- Configured cppcheck include dirs: 
[22.772s] -- Configured cppcheck exclude dirs and/or files: 
[22.778s] -- Added test 'cpplint' to check C / C++ code against the Google style
[22.779s] -- Configured cpplint exclude dirs and/or files: 
[22.836s] -- Added test 'lint_cmake' to check CMake code style
[22.843s] -- Added test 'uncrustify' to check C / C++ code style
[22.844s] -- Configured uncrustify additional arguments: 
[22.889s] -- Added test 'xmllint' to check XML markup files
[22.941s] -- Configuring done
[23.461s] -- Generating done
[23.476s] -- Build files have been written to: /home/keyur/empm809y_cpp/Cpp_projects/RWA3-Group17/rwa3_ws/build/group17
[23.595s] [35m[1mScanning dependencies of target listener_demo[0m
[23.596s] [35m[1mScanning dependencies of target broadcaster_demo[0m
[23.901s] [ 66%] [32mBuilding CXX object CMakeFiles/listener_demo.dir/src/utils.cpp.o[0m
[23.901s] [ 66%] [32mBuilding CXX object CMakeFiles/broadcaster_demo.dir/src/utils.cpp.o[0m
[23.902s] [ 66%] [32mBuilding CXX object CMakeFiles/broadcaster_demo.dir/src/broadcaster_demo.cpp.o[0m
[23.902s] [ 66%] [32mBuilding CXX object CMakeFiles/listener_demo.dir/src/listener_demo.cpp.o[0m
[27.829s] [01m[K/home/keyur/empm809y_cpp/Cpp_projects/RWA3-Group17/rwa3_ws/src/group17/src/utils.cpp:1:10:[m[K [01;31m[Kfatal error: [m[Kutils.hpp: No such file or directory
[27.829s]     1 | #include [01;31m[K<utils.hpp>[m[K
[27.829s]       |          [01;31m[K^~~~~~~~~~~[m[K
[27.829s] [01m[K/home/keyur/empm809y_cpp/Cpp_projects/RWA3-Group17/rwa3_ws/src/group17/src/broadcaster_demo.cpp:1:10:[m[K [01;31m[Kfatal error: [m[Kbroadcaster_demo.hpp: No such file or directory
[27.829s]     1 | #include [01;31m[K<broadcaster_demo.hpp>[m[K
[27.830s]       |          [01;31m[K^~~~~~~~~~~~~~~~~~~~~~[m[K
[27.830s] [01m[K/home/keyur/empm809y_cpp/Cpp_projects/RWA3-Group17/rwa3_ws/src/group17/src/utils.cpp:1:10:[m[K [01;31m[Kfatal error: [m[Kutils.hpp: No such file or directory
[27.830s]     1 | #include [01;31m[K<utils.hpp>[m[K
[27.830s]       |          [01;31m[K^~~~~~~~~~~[m[K
[27.830s] compilation terminated.
[27.830s] compilation terminated.
[27.831s] compilation terminated.
[28.238s] make[2]: *** [CMakeFiles/broadcaster_demo.dir/build.make:63: CMakeFiles/broadcaster_demo.dir/src/broadcaster_demo.cpp.o] Error 1
[28.239s] make[2]: *** Waiting for unfinished jobs....
[28.239s] make[2]: *** [CMakeFiles/listener_demo.dir/build.make:76: CMakeFiles/listener_demo.dir/src/utils.cpp.o] Error 1
[28.239s] make[2]: *** Waiting for unfinished jobs....
[28.382s] [01m[K/home/keyur/empm809y_cpp/Cpp_projects/RWA3-Group17/rwa3_ws/src/group17/src/listener_demo.cpp:3:10:[m[K [01;31m[Kfatal error: [m[Klistener_demo.hpp: No such file or directory
[28.382s]     3 | #include [01;31m[K<listener_demo.hpp>[m[K
[28.383s]       |          [01;31m[K^~~~~~~~~~~~~~~~~~~[m[K
[28.383s] compilation terminated.
[28.648s] make[2]: *** [CMakeFiles/broadcaster_demo.dir/build.make:76: CMakeFiles/broadcaster_demo.dir/src/utils.cpp.o] Error 1
[28.649s] make[1]: *** [CMakeFiles/Makefile2:134: CMakeFiles/broadcaster_demo.dir/all] Error 2
[28.651s] make[1]: *** Waiting for unfinished jobs....
[28.652s] make[2]: *** [CMakeFiles/listener_demo.dir/build.make:63: CMakeFiles/listener_demo.dir/src/listener_demo.cpp.o] Error 1
[28.652s] make[1]: *** [CMakeFiles/Makefile2:80: CMakeFiles/listener_demo.dir/all] Error 2
[28.653s] make: *** [Makefile:141: all] Error 2
[28.661s] Invoked command in '/home/keyur/empm809y_cpp/Cpp_projects/RWA3-Group17/rwa3_ws/build/group17' returned '2': AMENT_PREFIX_PATH=/home/keyur/empm809y_cpp/Cpp_projects/RWA3-Group17/rwa3_ws/install/mage_msgs:${AMENT_PREFIX_PATH} CMAKE_PREFIX_PATH=/home/keyur/empm809y_cpp/Cpp_projects/RWA3-Group17/rwa3_ws/install/mage_msgs:/home/keyur/empm809y_cpp/Cpp_projects/RWA3-Group17/rwa3_ws/install/turtlebot3_simulations:/home/keyur/empm809y_cpp/Cpp_projects/RWA3-Group17/rwa3_ws/install/turtlebot3_sensors:/home/keyur/empm809y_cpp/Cpp_projects/RWA3-Group17/rwa3_ws/install/turtlebot3_gazebo:/home/keyur/empm809y_cpp/Cpp_projects/RWA3-Group17/rwa3_ws/install/turtlebot3_fake_node:/home/keyur/empm809y_cpp/Cpp_projects/RWA3-Group17/rwa3_ws/install/group17:/home/keyur/empm809y_cpp/Cpp_projects/ROS2learn/rosprac809_ws/install/my_first_package:/home/keyur/empm809y_cpp/Cpp_projects/ROS2learn/rosprac809_ws/install/automated_vehicle:/home/keyur/empm809y_cpp/Cpp_projects/ROS2learn/rosprac809_ws/install/av_msgs:/home/keyur/ros809_ws/install/first_package:/home/keyur/ros809_ws/install/automated_vehicle:/home/keyur/empm809y_cpp/Cpp_projects/RWA3-Group17/rwa3_ws/install/ros2_aruco_interfaces:/home/keyur/empm809y_cpp/Cpp_projects/RWA3-Group17/rwa3_ws/install/ros2_aruco:/opt/ros/galactic LD_LIBRARY_PATH=/home/keyur/empm809y_cpp/Cpp_projects/RWA3-Group17/rwa3_ws/install/mage_msgs/lib:/home/keyur/empm809y_cpp/Cpp_projects/RWA3-Group17/rwa3_ws/install/turtlebot3_sensors/lib:/home/keyur/empm809y_cpp/Cpp_projects/RWA3-Group17/rwa3_ws/install/ros2_aruco_interfaces/lib:/home/keyur/empm809y_cpp/Cpp_projects/ROS2learn/rosprac809_ws/install/av_msgs/lib:/usr/lib/x86_64-linux-gnu/gazebo-11/plugins:/opt/ros/galactic/opt/yaml_cpp_vendor/lib:/opt/ros/galactic/opt/rviz_ogre_vendor/lib:/opt/ros/galactic/lib/x86_64-linux-gnu:/opt/ros/galactic/lib PYTHONPATH=/home/keyur/empm809y_cpp/Cpp_projects/RWA3-Group17/rwa3_ws/install/mage_msgs/lib/python3.8/site-packages:/home/keyur/empm809y_cpp/Cpp_projects/RWA3-Group17/rwa3_ws/install/turtlebot3_gazebo/lib/python3.8/site-packages:/home/keyur/empm809y_cpp/Cpp_projects/RWA3-Group17/rwa3_ws/install/ros2_aruco_interfaces/lib/python3.8/site-packages:/home/keyur/empm809y_cpp/Cpp_projects/RWA3-Group17/rwa3_ws/install/ros2_aruco/lib/python3.8/site-packages:/home/keyur/empm809y_cpp/Cpp_projects/ROS2learn/rosprac809_ws/install/av_msgs/lib/python3.8/site-packages:/opt/ros/galactic/lib/python3.8/site-packages /usr/bin/cmake --build /home/keyur/empm809y_cpp/Cpp_projects/RWA3-Group17/rwa3_ws/build/group17 -- -j8 -l8
